<?xml version="1.0" encoding="UTF-8"?>
<testsuite name="RegisterAccountTest_1-20220524084830" tests="4" file=".py" time="0.293" timestamp="2022-05-24T08:48:35" failures="4" errors="0" skipped="0">
	<testcase classname="RegisterAccountTest_1" name="test_first_name_input (cases=['Yaro', 'Baro', 'Karo', 'Faro'])" time="0.000" timestamp="0001-01-01T00:00:00" file="UTYourStore\Tests\test1_register.py" line="32">
		<failure type="AssertionError" message=""><![CDATA[Traceback (most recent call last):
  File "c:\Python\Selenium\UTYourStore\Tests\test1_register.py", line 41, in test_first_name_input
    assert not int
AssertionError
]]></failure>
	</testcase>
	<testcase classname="RegisterAccountTest_1" name="test_first_name_input (cases=['Yaro', 'Baro', 'Karo', 'Faro'])" time="0.000" timestamp="0001-01-01T00:00:00" file="UTYourStore\Tests\test1_register.py" line="32">
		<failure type="AssertionError" message=""><![CDATA[Traceback (most recent call last):
  File "c:\Python\Selenium\UTYourStore\Tests\test1_register.py", line 41, in test_first_name_input
    assert not int
AssertionError
]]></failure>
	</testcase>
	<testcase classname="RegisterAccountTest_1" name="test_first_name_input (cases=['Yaro', 'Baro', 'Karo', 'Faro'])" time="0.000" timestamp="0001-01-01T00:00:00" file="UTYourStore\Tests\test1_register.py" line="32">
		<failure type="AssertionError" message=""><![CDATA[Traceback (most recent call last):
  File "c:\Python\Selenium\UTYourStore\Tests\test1_register.py", line 41, in test_first_name_input
    assert not int
AssertionError
]]></failure>
	</testcase>
	<testcase classname="RegisterAccountTest_1" name="test_first_name_input (cases=['Yaro', 'Baro', 'Karo', 'Faro'])" time="0.293" timestamp="2022-05-24T08:48:35" file="UTYourStore\Tests\test1_register.py" line="32">
		<failure type="AssertionError" message=""><![CDATA[Traceback (most recent call last):
  File "c:\Python\Selenium\UTYourStore\Tests\test1_register.py", line 41, in test_first_name_input
    assert not int
AssertionError
]]></failure>
	</testcase>
</testsuite>
