<?xml version="1.0" encoding="UTF-8"?>
<testsuite name="RegisterAccountTest-20220525095824" tests="6" file=".py" time="2.293" timestamp="2022-05-25T09:58:30" failures="0" errors="0" skipped="0">
	<testcase classname="RegisterAccountTest" name="test_email_input" time="1.073" timestamp="2022-05-25T09:58:29" file="UTYourStore\Tests\test_register\test_register_happy.py" line="47">
		<system-err><![CDATA[2022-05-25 09:58:29,307 :INFO : root :Inputed email: YB@gmail.com
2022-05-25 09:58:29,308 :INFO : root :E-Mail Address does not appear to be valid!
]]></system-err>
	</testcase>
	<testcase classname="RegisterAccountTest" name="test_firstname_input" time="0.209" timestamp="2022-05-25T09:58:29" file="UTYourStore\Tests\test_register\test_register_happy.py" line="29">
		<system-err><![CDATA[2022-05-25 09:58:29,518 :INFO : root :Inputed firstname: Yaro
]]></system-err>
	</testcase>
	<testcase classname="RegisterAccountTest" name="test_lastname_input" time="0.244" timestamp="2022-05-25T09:58:29" file="UTYourStore\Tests\test_register\test_register_happy.py" line="38">
		<system-err><![CDATA[2022-05-25 09:58:29,762 :INFO : root :Inputed lastname: Baro
]]></system-err>
	</testcase>
	<testcase classname="RegisterAccountTest" name="test_password_input" time="0.258" timestamp="2022-05-25T09:58:30" file="UTYourStore\Tests\test_register\test_register_happy.py" line="74">
		<system-err><![CDATA[2022-05-25 09:58:30,020 :INFO : root :Confirmed password: password
]]></system-err>
	</testcase>
	<testcase classname="RegisterAccountTest" name="test_passwordconfirm_input" time="0.250" timestamp="2022-05-25T09:58:30" file="UTYourStore\Tests\test_register\test_register_happy.py" line="65">
		<system-err><![CDATA[2022-05-25 09:58:30,271 :INFO : root :Inputed password: password
]]></system-err>
	</testcase>
	<testcase classname="RegisterAccountTest" name="test_telephone_input" time="0.259" timestamp="2022-05-25T09:58:30" file="UTYourStore\Tests\test_register\test_register_happy.py" line="56">
		<system-err><![CDATA[2022-05-25 09:58:30,529 :INFO : root :Inputed telephone: 666555444
]]></system-err>
	</testcase>
</testsuite>
