<?xml version="1.0" encoding="UTF-8"?>
<testsuite name="RegisterAccountTest-20220524103511" tests="6" file=".py" time="0.717" timestamp="2022-05-24T10:35:15" failures="4" errors="0" skipped="0">
	<testcase classname="RegisterAccountTest" name="test_email_input" time="0.139" timestamp="2022-05-24T10:35:15" file="UTYourStore\Tests\test2_register_sad.py" line="42">
		<system-err><![CDATA[2022-05-24 10:35:14,932 :DEBUG : selenium.webdriver.remote.remote_connection :POST http://localhost:64809/session/51c3fb0d62529631c47cf19c48ae3a8d/element {"using": "css selector", "value": "[id=\"input-email\"]"}
2022-05-24 10:35:14,948 :DEBUG : urllib3.connectionpool :http://localhost:64809 "POST /session/51c3fb0d62529631c47cf19c48ae3a8d/element HTTP/1.1" 200 88
2022-05-24 10:35:14,949 :DEBUG : selenium.webdriver.remote.remote_connection :Finished Request
2022-05-24 10:35:14,949 :DEBUG : selenium.webdriver.remote.remote_connection :POST http://localhost:64809/session/51c3fb0d62529631c47cf19c48ae3a8d/element/82f608fd-e79a-4bce-bbfa-f19d1facae73/clear {"id": "82f608fd-e79a-4bce-bbfa-f19d1facae73"}
2022-05-24 10:35:14,984 :DEBUG : urllib3.connectionpool :http://localhost:64809 "POST /session/51c3fb0d62529631c47cf19c48ae3a8d/element/82f608fd-e79a-4bce-bbfa-f19d1facae73/clear HTTP/1.1" 200 14
2022-05-24 10:35:14,984 :DEBUG : selenium.webdriver.remote.remote_connection :Finished Request
2022-05-24 10:35:14,990 :DEBUG : selenium.webdriver.remote.remote_connection :POST http://localhost:64809/session/51c3fb0d62529631c47cf19c48ae3a8d/element {"using": "css selector", "value": "[id=\"input-email\"]"}
2022-05-24 10:35:14,992 :DEBUG : urllib3.connectionpool :http://localhost:64809 "POST /session/51c3fb0d62529631c47cf19c48ae3a8d/element HTTP/1.1" 200 88
2022-05-24 10:35:14,992 :DEBUG : selenium.webdriver.remote.remote_connection :Finished Request
2022-05-24 10:35:14,992 :DEBUG : selenium.webdriver.remote.remote_connection :POST http://localhost:64809/session/51c3fb0d62529631c47cf19c48ae3a8d/element/82f608fd-e79a-4bce-bbfa-f19d1facae73/value {"text": "YaroBarogmail.com", "value": ["Y", "a", "r", "o", "B", "a", "r", "o", "g", "m", "a", "i", "l", ".", "c", "o", "m"], "id": "82f608fd-e79a-4bce-bbfa-f19d1facae73"}
2022-05-24 10:35:15,064 :DEBUG : urllib3.connectionpool :http://localhost:64809 "POST /session/51c3fb0d62529631c47cf19c48ae3a8d/element/82f608fd-e79a-4bce-bbfa-f19d1facae73/value HTTP/1.1" 200 14
2022-05-24 10:35:15,065 :DEBUG : selenium.webdriver.remote.remote_connection :Finished Request
2022-05-24 10:35:15,065 :INFO : root :Inputed email: YaroBarogmail.com
]]></system-err>
	</testcase>
	<testcase classname="RegisterAccountTest" name="test_password_input" time="0.111" timestamp="2022-05-24T10:35:15" file="UTYourStore\Tests\test2_register_sad.py" line="63">
		<system-err><![CDATA[2022-05-24 10:35:15,280 :DEBUG : selenium.webdriver.remote.remote_connection :POST http://localhost:64809/session/51c3fb0d62529631c47cf19c48ae3a8d/element {"using": "css selector", "value": "[id=\"input-confirm\"]"}
2022-05-24 10:35:15,293 :DEBUG : urllib3.connectionpool :http://localhost:64809 "POST /session/51c3fb0d62529631c47cf19c48ae3a8d/element HTTP/1.1" 200 88
2022-05-24 10:35:15,294 :DEBUG : selenium.webdriver.remote.remote_connection :Finished Request
2022-05-24 10:35:15,294 :DEBUG : selenium.webdriver.remote.remote_connection :POST http://localhost:64809/session/51c3fb0d62529631c47cf19c48ae3a8d/element/16ad7b23-a7e7-443c-b29a-9f366c45b819/clear {"id": "16ad7b23-a7e7-443c-b29a-9f366c45b819"}
2022-05-24 10:35:15,332 :DEBUG : urllib3.connectionpool :http://localhost:64809 "POST /session/51c3fb0d62529631c47cf19c48ae3a8d/element/16ad7b23-a7e7-443c-b29a-9f366c45b819/clear HTTP/1.1" 200 14
2022-05-24 10:35:15,332 :DEBUG : selenium.webdriver.remote.remote_connection :Finished Request
2022-05-24 10:35:15,333 :DEBUG : selenium.webdriver.remote.remote_connection :POST http://localhost:64809/session/51c3fb0d62529631c47cf19c48ae3a8d/element {"using": "css selector", "value": "[id=\"input-confirm\"]"}
2022-05-24 10:35:15,339 :DEBUG : urllib3.connectionpool :http://localhost:64809 "POST /session/51c3fb0d62529631c47cf19c48ae3a8d/element HTTP/1.1" 200 88
2022-05-24 10:35:15,339 :DEBUG : selenium.webdriver.remote.remote_connection :Finished Request
2022-05-24 10:35:15,340 :DEBUG : selenium.webdriver.remote.remote_connection :POST http://localhost:64809/session/51c3fb0d62529631c47cf19c48ae3a8d/element/16ad7b23-a7e7-443c-b29a-9f366c45b819/value {"text": "password", "value": ["p", "a", "s", "s", "w", "o", "r", "d"], "id": "16ad7b23-a7e7-443c-b29a-9f366c45b819"}
2022-05-24 10:35:15,388 :DEBUG : urllib3.connectionpool :http://localhost:64809 "POST /session/51c3fb0d62529631c47cf19c48ae3a8d/element/16ad7b23-a7e7-443c-b29a-9f366c45b819/value HTTP/1.1" 200 14
2022-05-24 10:35:15,389 :DEBUG : selenium.webdriver.remote.remote_connection :Finished Request
2022-05-24 10:35:15,389 :INFO : root :Confirmed password:  password
]]></system-err>
	</testcase>
	<testcase classname="RegisterAccountTest" name="test_firstname_input" time="0.108" timestamp="2022-05-24T10:35:15" file="UTYourStore\Tests\test2_register_sad.py" line="28">
		<failure type="AssertionError" message="First Name must be between 1 and 32 characters!"><![CDATA[Traceback (most recent call last):
  File "c:\Python\Selenium\UTYourStore\Tests\test2_register_sad.py", line 33, in test_firstname_input
    assert 1 < (len(self.firstname)) < 32, 'First Name must be between 1 and 32 characters!'
AssertionError: First Name must be between 1 and 32 characters!
]]></failure>
		<system-err><![CDATA[2022-05-24 10:35:15,066 :DEBUG : selenium.webdriver.remote.remote_connection :POST http://localhost:64809/session/51c3fb0d62529631c47cf19c48ae3a8d/element {"using": "css selector", "value": "[id=\"input-firstname\"]"}
2022-05-24 10:35:15,079 :DEBUG : urllib3.connectionpool :http://localhost:64809 "POST /session/51c3fb0d62529631c47cf19c48ae3a8d/element HTTP/1.1" 200 88
2022-05-24 10:35:15,080 :DEBUG : selenium.webdriver.remote.remote_connection :Finished Request
2022-05-24 10:35:15,080 :DEBUG : selenium.webdriver.remote.remote_connection :POST http://localhost:64809/session/51c3fb0d62529631c47cf19c48ae3a8d/element/0dd11fcd-ba33-48a1-b637-349a74d156b2/clear {"id": "0dd11fcd-ba33-48a1-b637-349a74d156b2"}
2022-05-24 10:35:15,104 :DEBUG : urllib3.connectionpool :http://localhost:64809 "POST /session/51c3fb0d62529631c47cf19c48ae3a8d/element/0dd11fcd-ba33-48a1-b637-349a74d156b2/clear HTTP/1.1" 200 14
2022-05-24 10:35:15,119 :DEBUG : selenium.webdriver.remote.remote_connection :Finished Request
2022-05-24 10:35:15,119 :DEBUG : selenium.webdriver.remote.remote_connection :POST http://localhost:64809/session/51c3fb0d62529631c47cf19c48ae3a8d/element {"using": "css selector", "value": "[id=\"input-firstname\"]"}
2022-05-24 10:35:15,127 :DEBUG : urllib3.connectionpool :http://localhost:64809 "POST /session/51c3fb0d62529631c47cf19c48ae3a8d/element HTTP/1.1" 200 88
2022-05-24 10:35:15,127 :DEBUG : selenium.webdriver.remote.remote_connection :Finished Request
2022-05-24 10:35:15,128 :DEBUG : selenium.webdriver.remote.remote_connection :POST http://localhost:64809/session/51c3fb0d62529631c47cf19c48ae3a8d/element/0dd11fcd-ba33-48a1-b637-349a74d156b2/value {"text": "Y", "value": ["Y"], "id": "0dd11fcd-ba33-48a1-b637-349a74d156b2"}
2022-05-24 10:35:15,172 :DEBUG : urllib3.connectionpool :http://localhost:64809 "POST /session/51c3fb0d62529631c47cf19c48ae3a8d/element/0dd11fcd-ba33-48a1-b637-349a74d156b2/value HTTP/1.1" 200 14
2022-05-24 10:35:15,173 :DEBUG : selenium.webdriver.remote.remote_connection :Finished Request
2022-05-24 10:35:15,173 :INFO : root :Inputed firstname: Y
]]></system-err>
	</testcase>
	<testcase classname="RegisterAccountTest" name="test_lastname_input" time="0.106" timestamp="2022-05-24T10:35:15" file="UTYourStore\Tests\test2_register_sad.py" line="35">
		<failure type="AssertionError" message="Last Name must be between 1 and 32 characters!"><![CDATA[Traceback (most recent call last):
  File "c:\Python\Selenium\UTYourStore\Tests\test2_register_sad.py", line 40, in test_lastname_input
    assert 1 < (len(self.lastname)) < 32, 'Last Name must be between 1 and 32 characters!'
AssertionError: Last Name must be between 1 and 32 characters!
]]></failure>
		<system-err><![CDATA[2022-05-24 10:35:15,174 :DEBUG : selenium.webdriver.remote.remote_connection :POST http://localhost:64809/session/51c3fb0d62529631c47cf19c48ae3a8d/element {"using": "css selector", "value": "[id=\"input-lastname\"]"}
2022-05-24 10:35:15,186 :DEBUG : urllib3.connectionpool :http://localhost:64809 "POST /session/51c3fb0d62529631c47cf19c48ae3a8d/element HTTP/1.1" 200 88
2022-05-24 10:35:15,186 :DEBUG : selenium.webdriver.remote.remote_connection :Finished Request
2022-05-24 10:35:15,186 :DEBUG : selenium.webdriver.remote.remote_connection :POST http://localhost:64809/session/51c3fb0d62529631c47cf19c48ae3a8d/element/d818b224-ca4a-4795-8d4c-442e0ff3d785/clear {"id": "d818b224-ca4a-4795-8d4c-442e0ff3d785"}
2022-05-24 10:35:15,225 :DEBUG : urllib3.connectionpool :http://localhost:64809 "POST /session/51c3fb0d62529631c47cf19c48ae3a8d/element/d818b224-ca4a-4795-8d4c-442e0ff3d785/clear HTTP/1.1" 200 14
2022-05-24 10:35:15,226 :DEBUG : selenium.webdriver.remote.remote_connection :Finished Request
2022-05-24 10:35:15,226 :DEBUG : selenium.webdriver.remote.remote_connection :POST http://localhost:64809/session/51c3fb0d62529631c47cf19c48ae3a8d/element {"using": "css selector", "value": "[id=\"input-lastname\"]"}
2022-05-24 10:35:15,233 :DEBUG : urllib3.connectionpool :http://localhost:64809 "POST /session/51c3fb0d62529631c47cf19c48ae3a8d/element HTTP/1.1" 200 88
2022-05-24 10:35:15,233 :DEBUG : selenium.webdriver.remote.remote_connection :Finished Request
2022-05-24 10:35:15,234 :DEBUG : selenium.webdriver.remote.remote_connection :POST http://localhost:64809/session/51c3fb0d62529631c47cf19c48ae3a8d/element/d818b224-ca4a-4795-8d4c-442e0ff3d785/value {"text": "B", "value": ["B"], "id": "d818b224-ca4a-4795-8d4c-442e0ff3d785"}
2022-05-24 10:35:15,278 :DEBUG : urllib3.connectionpool :http://localhost:64809 "POST /session/51c3fb0d62529631c47cf19c48ae3a8d/element/d818b224-ca4a-4795-8d4c-442e0ff3d785/value HTTP/1.1" 200 14
2022-05-24 10:35:15,278 :DEBUG : selenium.webdriver.remote.remote_connection :Finished Request
2022-05-24 10:35:15,279 :INFO : root :Inputed lastname: B
]]></system-err>
	</testcase>
	<testcase classname="RegisterAccountTest" name="test_passwordconfirm_input" time="0.125" timestamp="2022-05-24T10:35:15" file="UTYourStore\Tests\test2_register_sad.py" line="56">
		<failure type="AssertionError" message="Password must be between 4 and 20 characters!"><![CDATA[Traceback (most recent call last):
  File "c:\Python\Selenium\UTYourStore\Tests\test2_register_sad.py", line 61, in test_passwordconfirm_input
    assert 4 < (len(self.password)) < 20, 'Password must be between 4 and 20 characters!'
AssertionError: Password must be between 4 and 20 characters!
]]></failure>
		<system-err><![CDATA[2022-05-24 10:35:15,390 :DEBUG : selenium.webdriver.remote.remote_connection :POST http://localhost:64809/session/51c3fb0d62529631c47cf19c48ae3a8d/element {"using": "css selector", "value": "[id=\"input-password\"]"}
2022-05-24 10:35:15,405 :DEBUG : urllib3.connectionpool :http://localhost:64809 "POST /session/51c3fb0d62529631c47cf19c48ae3a8d/element HTTP/1.1" 200 88
2022-05-24 10:35:15,405 :DEBUG : selenium.webdriver.remote.remote_connection :Finished Request
2022-05-24 10:35:15,405 :DEBUG : selenium.webdriver.remote.remote_connection :POST http://localhost:64809/session/51c3fb0d62529631c47cf19c48ae3a8d/element/0dd8b622-bbd7-4d55-b9a7-dff13c949c13/clear {"id": "0dd8b622-bbd7-4d55-b9a7-dff13c949c13"}
2022-05-24 10:35:15,461 :DEBUG : urllib3.connectionpool :http://localhost:64809 "POST /session/51c3fb0d62529631c47cf19c48ae3a8d/element/0dd8b622-bbd7-4d55-b9a7-dff13c949c13/clear HTTP/1.1" 200 14
2022-05-24 10:35:15,461 :DEBUG : selenium.webdriver.remote.remote_connection :Finished Request
2022-05-24 10:35:15,462 :DEBUG : selenium.webdriver.remote.remote_connection :POST http://localhost:64809/session/51c3fb0d62529631c47cf19c48ae3a8d/element {"using": "css selector", "value": "[id=\"input-password\"]"}
2022-05-24 10:35:15,467 :DEBUG : urllib3.connectionpool :http://localhost:64809 "POST /session/51c3fb0d62529631c47cf19c48ae3a8d/element HTTP/1.1" 200 88
2022-05-24 10:35:15,468 :DEBUG : selenium.webdriver.remote.remote_connection :Finished Request
2022-05-24 10:35:15,469 :DEBUG : selenium.webdriver.remote.remote_connection :POST http://localhost:64809/session/51c3fb0d62529631c47cf19c48ae3a8d/element/0dd8b622-bbd7-4d55-b9a7-dff13c949c13/value {"text": "pas", "value": ["p", "a", "s"], "id": "0dd8b622-bbd7-4d55-b9a7-dff13c949c13"}
2022-05-24 10:35:15,513 :DEBUG : urllib3.connectionpool :http://localhost:64809 "POST /session/51c3fb0d62529631c47cf19c48ae3a8d/element/0dd8b622-bbd7-4d55-b9a7-dff13c949c13/value HTTP/1.1" 200 14
2022-05-24 10:35:15,514 :DEBUG : selenium.webdriver.remote.remote_connection :Finished Request
2022-05-24 10:35:15,514 :INFO : root :Inputed password: pas
]]></system-err>
	</testcase>
	<testcase classname="RegisterAccountTest" name="test_telephone_input" time="0.128" timestamp="2022-05-24T10:35:15" file="UTYourStore\Tests\test2_register_sad.py" line="49">
		<failure type="AssertionError" message="Telephone must be between 3 and 32 characters!"><![CDATA[Traceback (most recent call last):
  File "c:\Python\Selenium\UTYourStore\Tests\test2_register_sad.py", line 54, in test_telephone_input
    assert 3 < (len(self.telephone)) < 32, 'Telephone must be between 3 and 32 characters!'
AssertionError: Telephone must be between 3 and 32 characters!
]]></failure>
		<system-err><![CDATA[2022-05-24 10:35:15,515 :DEBUG : selenium.webdriver.remote.remote_connection :POST http://localhost:64809/session/51c3fb0d62529631c47cf19c48ae3a8d/element {"using": "css selector", "value": "[id=\"input-telephone\"]"}
2022-05-24 10:35:15,528 :DEBUG : urllib3.connectionpool :http://localhost:64809 "POST /session/51c3fb0d62529631c47cf19c48ae3a8d/element HTTP/1.1" 200 88
2022-05-24 10:35:15,529 :DEBUG : selenium.webdriver.remote.remote_connection :Finished Request
2022-05-24 10:35:15,529 :DEBUG : selenium.webdriver.remote.remote_connection :POST http://localhost:64809/session/51c3fb0d62529631c47cf19c48ae3a8d/element/4b90c26a-80fa-4e63-905a-78f737b142ba/clear {"id": "4b90c26a-80fa-4e63-905a-78f737b142ba"}
2022-05-24 10:35:15,565 :DEBUG : urllib3.connectionpool :http://localhost:64809 "POST /session/51c3fb0d62529631c47cf19c48ae3a8d/element/4b90c26a-80fa-4e63-905a-78f737b142ba/clear HTTP/1.1" 200 14
2022-05-24 10:35:15,565 :DEBUG : selenium.webdriver.remote.remote_connection :Finished Request
2022-05-24 10:35:15,566 :DEBUG : selenium.webdriver.remote.remote_connection :POST http://localhost:64809/session/51c3fb0d62529631c47cf19c48ae3a8d/element {"using": "css selector", "value": "[id=\"input-telephone\"]"}
2022-05-24 10:35:15,572 :DEBUG : urllib3.connectionpool :http://localhost:64809 "POST /session/51c3fb0d62529631c47cf19c48ae3a8d/element HTTP/1.1" 200 88
2022-05-24 10:35:15,572 :DEBUG : selenium.webdriver.remote.remote_connection :Finished Request
2022-05-24 10:35:15,573 :DEBUG : selenium.webdriver.remote.remote_connection :POST http://localhost:64809/session/51c3fb0d62529631c47cf19c48ae3a8d/element/4b90c26a-80fa-4e63-905a-78f737b142ba/value {"text": "666", "value": ["6", "6", "6"], "id": "4b90c26a-80fa-4e63-905a-78f737b142ba"}
2022-05-24 10:35:15,642 :DEBUG : urllib3.connectionpool :http://localhost:64809 "POST /session/51c3fb0d62529631c47cf19c48ae3a8d/element/4b90c26a-80fa-4e63-905a-78f737b142ba/value HTTP/1.1" 200 14
2022-05-24 10:35:15,642 :DEBUG : selenium.webdriver.remote.remote_connection :Finished Request
2022-05-24 10:35:15,643 :INFO : root :Inputed telephone: 666
]]></system-err>
	</testcase>
</testsuite>
