<?xml version="1.0" encoding="UTF-8"?>
<testsuite name="RegisterAccountTest_1-20220524085331" tests="1" file=".py" time="0.317" timestamp="2022-05-24T08:53:36" failures="0" errors="0" skipped="0">
	<testcase classname="RegisterAccountTest_1" name="test_first_name_input" time="0.317" timestamp="2022-05-24T08:53:36" file="UTYourStore\Tests\test1_register.py" line="33"/>
</testsuite>
