<?xml version="1.0" encoding="UTF-8"?>
<testsuite name="RegisterAccountTest_1-20220524084904" tests="1" file=".py" time="0.277" timestamp="2022-05-24T08:49:08" failures="0" errors="0" skipped="0">
	<testcase classname="RegisterAccountTest_1" name="test_first_name_input" time="0.277" timestamp="2022-05-24T08:49:08" file="UTYourStore\Tests\test1_register.py" line="32"/>
</testsuite>
